d:\visual_studio\pacman\pacman\debug\vc143.pdb
d:\visual_studio\pacman\pacman\debug\vc143.idb
d:\visual_studio\pacman\pacman\debug\main.obj
d:\visual_studio\pacman\pacman\debug\pacman.obj
d:\visual_studio\pacman\pacman\debug\mapcollision.obj
d:\visual_studio\pacman\pacman\debug\ghostmanager.obj
d:\visual_studio\pacman\pacman\debug\ghost.obj
d:\visual_studio\pacman\pacman\debug\drawtext.obj
d:\visual_studio\pacman\pacman\debug\drawmap.obj
d:\visual_studio\pacman\pacman\debug\convertsketch.obj
d:\visual_studio\pacman\debug\pacman.exe
d:\visual_studio\pacman\debug\pacman.pdb
d:\visual_studio\pacman\pacman\debug\pacman.ilk
d:\visual_studio\pacman\pacman\debug\pacman.tlog\cl.command.1.tlog
d:\visual_studio\pacman\pacman\debug\pacman.tlog\cl.items.tlog
d:\visual_studio\pacman\pacman\debug\pacman.tlog\cl.read.1.tlog
d:\visual_studio\pacman\pacman\debug\pacman.tlog\cl.write.1.tlog
d:\visual_studio\pacman\pacman\debug\pacman.tlog\link.command.1.tlog
d:\visual_studio\pacman\pacman\debug\pacman.tlog\link.read.1.tlog
d:\visual_studio\pacman\pacman\debug\pacman.tlog\link.secondary.1.tlog
d:\visual_studio\pacman\pacman\debug\pacman.tlog\link.write.1.tlog
