d:\visual_studio\pacman_vs11\pacman\release\vc143.pdb
d:\visual_studio\pacman_vs11\pacman\release\main.obj
d:\visual_studio\pacman_vs11\pacman\release\ghostmanager.obj
d:\visual_studio\pacman_vs11\pacman\release\pacman.obj
d:\visual_studio\pacman_vs11\pacman\release\mapcollision.obj
d:\visual_studio\pacman_vs11\pacman\release\ghost.obj
d:\visual_studio\pacman_vs11\pacman\release\drawtext.obj
d:\visual_studio\pacman_vs11\pacman\release\drawmap.obj
d:\visual_studio\pacman_vs11\pacman\release\convertsketch.obj
d:\visual_studio\pacman_vs11\release\pacman.exe
d:\visual_studio\pacman_vs11\release\pacman.pdb
d:\visual_studio\pacman_vs11\release\pacman.lib
d:\visual_studio\pacman_vs11\release\pacman.exp
d:\visual_studio\pacman_vs11\pacman\release\pacman.ipdb
d:\visual_studio\pacman_vs11\pacman\release\pacman.iobj
d:\visual_studio\pacman_vs11\pacman\release\pacman.tlog\cl.command.1.tlog
d:\visual_studio\pacman_vs11\pacman\release\pacman.tlog\cl.items.tlog
d:\visual_studio\pacman_vs11\pacman\release\pacman.tlog\cl.read.1.tlog
d:\visual_studio\pacman_vs11\pacman\release\pacman.tlog\cl.write.1.tlog
d:\visual_studio\pacman_vs11\pacman\release\pacman.tlog\link.command.1.tlog
d:\visual_studio\pacman_vs11\pacman\release\pacman.tlog\link.read.1.tlog
d:\visual_studio\pacman_vs11\pacman\release\pacman.tlog\link.secondary.1.tlog
d:\visual_studio\pacman_vs11\pacman\release\pacman.tlog\link.write.1.tlog
